This file contains any messages produced by compilers while
running configure, to aid debugging if configure makes a mistake.

It was created by configure, which was
generated by GNU Autoconf 2.67.  Invocation command line was

  $ ./configure 

## --------- ##
## Platform. ##
## --------- ##

hostname = Vizitown-VM
uname -m = i686
uname -r = 3.11.0-12-generic
uname -s = Linux
uname -v = #19-Ubuntu SMP Wed Oct 9 16:12:00 UTC 2013

/usr/bin/uname -p = unknown
/bin/uname -X     = unknown

/bin/arch              = unknown
/usr/bin/arch -k       = unknown
/usr/convex/getsysinfo = unknown
/usr/bin/hostinfo      = unknown
/bin/machine           = unknown
/usr/bin/oslevel       = unknown
/bin/universe          = unknown

PATH: /usr/lib/lightdm/lightdm
PATH: /usr/local/sbin
PATH: /usr/local/bin
PATH: /usr/sbin
PATH: /usr/bin
PATH: /sbin
PATH: /bin
PATH: /usr/games
PATH: /usr/local/games


## ----------- ##
## Core tests. ##
## ----------- ##

configure:2632: checking build system type
configure:2646: result: i686-pc-linux-gnu
configure:2666: checking host system type
configure:2679: result: i686-pc-linux-gnu
configure:2747: checking for gcc
configure:2763: found /usr/bin/gcc
configure:2774: result: gcc
configure:3003: checking for C compiler version
configure:3012: gcc --version >&5
gcc (Ubuntu/Linaro 4.8.1-10ubuntu8) 4.8.1
Copyright (C) 2013 Free Software Foundation, Inc.
This is free software; see the source for copying conditions.  There is NO
warranty; not even for MERCHANTABILITY or FITNESS FOR A PARTICULAR PURPOSE.

configure:3023: $? = 0
configure:3012: gcc -v >&5
Using built-in specs.
COLLECT_GCC=gcc
COLLECT_LTO_WRAPPER=/usr/lib/gcc/i686-linux-gnu/4.8/lto-wrapper
Target: i686-linux-gnu
Configured with: ../src/configure -v --with-pkgversion='Ubuntu/Linaro 4.8.1-10ubuntu8' --with-bugurl=file:///usr/share/doc/gcc-4.8/README.Bugs --enable-languages=c,c++,java,go,d,fortran,objc,obj-c++ --prefix=/usr --program-suffix=-4.8 --enable-shared --enable-linker-build-id --libexecdir=/usr/lib --without-included-gettext --enable-threads=posix --with-gxx-include-dir=/usr/include/c++/4.8 --libdir=/usr/lib --enable-nls --with-sysroot=/ --enable-clocale=gnu --enable-libstdcxx-debug --enable-libstdcxx-time=yes --enable-gnu-unique-object --enable-plugin --with-system-zlib --disable-browser-plugin --enable-java-awt=gtk --enable-gtk-cairo --with-java-home=/usr/lib/jvm/java-1.5.0-gcj-4.8-i386/jre --enable-java-home --with-jvm-root-dir=/usr/lib/jvm/java-1.5.0-gcj-4.8-i386 --with-jvm-jar-dir=/usr/lib/jvm-exports/java-1.5.0-gcj-4.8-i386 --with-arch-directory=i386 --with-ecj-jar=/usr/share/java/eclipse-ecj.jar --enable-objc-gc --enable-targets=all --enable-multiarch --disable-werror --with-arch-32=i686 --with-multilib-list=m32,m64,mx32 --with-tune=generic --enable-checking=release --build=i686-linux-gnu --host=i686-linux-gnu --target=i686-linux-gnu
Thread model: posix
gcc version 4.8.1 (Ubuntu/Linaro 4.8.1-10ubuntu8) 
configure:3023: $? = 0
configure:3012: gcc -V >&5
gcc: error: unrecognized command line option '-V'
gcc: fatal error: no input files
compilation terminated.
configure:3023: $? = 4
configure:3012: gcc -qversion >&5
gcc: error: unrecognized command line option '-qversion'
gcc: fatal error: no input files
compilation terminated.
configure:3023: $? = 4
configure:3043: checking whether the C compiler works
configure:3065: gcc    conftest.c  >&5
configure:3069: $? = 0
configure:3117: result: yes
configure:3120: checking for C compiler default output file name
configure:3122: result: a.out
configure:3128: checking for suffix of executables
configure:3135: gcc -o conftest    conftest.c  >&5
configure:3139: $? = 0
configure:3161: result: 
configure:3183: checking whether we are cross compiling
configure:3191: gcc -o conftest    conftest.c  >&5
configure:3195: $? = 0
configure:3202: ./conftest
configure:3206: $? = 0
configure:3221: result: no
configure:3226: checking for suffix of object files
configure:3248: gcc -c   conftest.c >&5
configure:3252: $? = 0
configure:3273: result: o
configure:3277: checking whether we are using the GNU C compiler
configure:3296: gcc -c   conftest.c >&5
configure:3296: $? = 0
configure:3305: result: yes
configure:3314: checking whether gcc accepts -g
configure:3334: gcc -c -g  conftest.c >&5
configure:3334: $? = 0
configure:3375: result: yes
configure:3392: checking for gcc option to accept ISO C89
configure:3456: gcc  -c -g -O2  conftest.c >&5
configure:3456: $? = 0
configure:3469: result: none needed
configure:3489: checking for a sed that does not truncate output
configure:3553: result: /bin/sed
configure:3571: checking for grep that handles long lines and -e
configure:3629: result: /bin/grep
configure:3634: checking for egrep
configure:3696: result: /bin/grep -E
configure:3701: checking for fgrep
configure:3763: result: /bin/grep -F
configure:3798: checking for ld used by gcc
configure:3865: result: /usr/bin/ld
configure:3872: checking if the linker (/usr/bin/ld) is GNU ld
configure:3887: result: yes
configure:3899: checking for BSD- or MS-compatible name lister (nm)
configure:3948: result: /usr/bin/nm -B
configure:4066: checking the name lister (/usr/bin/nm -B) interface
configure:4073: gcc -c -g -O2  conftest.c >&5
configure:4076: /usr/bin/nm -B "conftest.o"
configure:4079: output
00000000 B some_variable
configure:4086: result: BSD nm
configure:4089: checking whether ln -s works
configure:4093: result: yes
configure:4101: checking the maximum length of command line arguments
configure:4221: result: 1572864
configure:4238: checking whether the shell understands some XSI constructs
configure:4248: result: yes
configure:4252: checking whether the shell understands "+="
configure:4258: result: yes
configure:4293: checking for /usr/bin/ld option to reload object files
configure:4300: result: -r
configure:4369: checking for objdump
configure:4385: found /usr/bin/objdump
configure:4396: result: objdump
configure:4428: checking how to recognize dependent libraries
configure:4624: result: pass_all
configure:4684: checking for ar
configure:4700: found /usr/bin/ar
configure:4711: result: ar
configure:4789: checking for strip
configure:4805: found /usr/bin/strip
configure:4816: result: strip
configure:4888: checking for ranlib
configure:4904: found /usr/bin/ranlib
configure:4915: result: ranlib
configure:5005: checking command to parse /usr/bin/nm -B output from gcc object
configure:5123: gcc -c -g -O2  conftest.c >&5
configure:5126: $? = 0
configure:5130: /usr/bin/nm -B conftest.o \| sed -n -e 's/^.*[	 ]\([ABCDGIRSTW][ABCDGIRSTW]*\)[	 ][	 ]*\([_A-Za-z][_A-Za-z0-9]*\)$/\1 \2 \2/p' \> conftest.nm
configure:5133: $? = 0
configure:5187: gcc -o conftest -g -O2   conftest.c conftstm.o >&5
configure:5190: $? = 0
configure:5228: result: ok
configure:6037: checking how to run the C preprocessor
configure:6068: gcc -E  conftest.c
configure:6068: $? = 0
configure:6082: gcc -E  conftest.c
conftest.c:9:28: fatal error: ac_nonexistent.h: No such file or directory
 #include <ac_nonexistent.h>
                            ^
compilation terminated.
configure:6082: $? = 1
configure: failed program was:
| /* confdefs.h */
| #define PACKAGE_NAME ""
| #define PACKAGE_TARNAME ""
| #define PACKAGE_VERSION ""
| #define PACKAGE_STRING ""
| #define PACKAGE_BUGREPORT ""
| #define PACKAGE_URL ""
| /* end confdefs.h.  */
| #include <ac_nonexistent.h>
configure:6107: result: gcc -E
configure:6127: gcc -E  conftest.c
configure:6127: $? = 0
configure:6141: gcc -E  conftest.c
conftest.c:9:28: fatal error: ac_nonexistent.h: No such file or directory
 #include <ac_nonexistent.h>
                            ^
compilation terminated.
configure:6141: $? = 1
configure: failed program was:
| /* confdefs.h */
| #define PACKAGE_NAME ""
| #define PACKAGE_TARNAME ""
| #define PACKAGE_VERSION ""
| #define PACKAGE_STRING ""
| #define PACKAGE_BUGREPORT ""
| #define PACKAGE_URL ""
| /* end confdefs.h.  */
| #include <ac_nonexistent.h>
configure:6170: checking for ANSI C header files
configure:6190: gcc -c -g -O2  conftest.c >&5
configure:6190: $? = 0
configure:6263: gcc -o conftest -g -O2   conftest.c  >&5
configure:6263: $? = 0
configure:6263: ./conftest
configure:6263: $? = 0
configure:6274: result: yes
configure:6287: checking for sys/types.h
configure:6287: gcc -c -g -O2  conftest.c >&5
configure:6287: $? = 0
configure:6287: result: yes
configure:6287: checking for sys/stat.h
configure:6287: gcc -c -g -O2  conftest.c >&5
configure:6287: $? = 0
configure:6287: result: yes
configure:6287: checking for stdlib.h
configure:6287: gcc -c -g -O2  conftest.c >&5
configure:6287: $? = 0
configure:6287: result: yes
configure:6287: checking for string.h
configure:6287: gcc -c -g -O2  conftest.c >&5
configure:6287: $? = 0
configure:6287: result: yes
configure:6287: checking for memory.h
configure:6287: gcc -c -g -O2  conftest.c >&5
configure:6287: $? = 0
configure:6287: result: yes
configure:6287: checking for strings.h
configure:6287: gcc -c -g -O2  conftest.c >&5
configure:6287: $? = 0
configure:6287: result: yes
configure:6287: checking for inttypes.h
configure:6287: gcc -c -g -O2  conftest.c >&5
configure:6287: $? = 0
configure:6287: result: yes
configure:6287: checking for stdint.h
configure:6287: gcc -c -g -O2  conftest.c >&5
configure:6287: $? = 0
configure:6287: result: yes
configure:6287: checking for unistd.h
configure:6287: gcc -c -g -O2  conftest.c >&5
configure:6287: $? = 0
configure:6287: result: yes
configure:6301: checking for dlfcn.h
configure:6301: gcc -c -g -O2  conftest.c >&5
configure:6301: $? = 0
configure:6301: result: yes
configure:6485: checking for objdir
configure:6500: result: .libs
configure:6796: checking if gcc supports -fno-rtti -fno-exceptions
configure:6814: gcc -c -g -O2  -fno-rtti -fno-exceptions conftest.c >&5
cc1: warning: command line option '-fno-rtti' is valid for C++/ObjC++ but not for C [enabled by default]
configure:6818: $? = 0
configure:6831: result: no
configure:6851: checking for gcc option to produce PIC
configure:7123: result: -fPIC -DPIC
configure:7135: checking if gcc PIC flag -fPIC -DPIC works
configure:7153: gcc -c -g -O2  -fPIC -DPIC -DPIC conftest.c >&5
configure:7157: $? = 0
configure:7170: result: yes
configure:7194: checking if gcc static flag -static works
configure:7222: result: yes
configure:7237: checking if gcc supports -c -o file.o
configure:7258: gcc -c -g -O2  -o out/conftest2.o conftest.c >&5
configure:7262: $? = 0
configure:7284: result: yes
configure:7292: checking if gcc supports -c -o file.o
configure:7339: result: yes
configure:7372: checking whether the gcc linker (/usr/bin/ld) supports shared libraries
configure:8363: result: yes
configure:8400: checking whether -lc should be explicitly linked in
configure:8405: gcc -c -g -O2  conftest.c >&5
configure:8408: $? = 0
configure:8423: gcc -shared conftest.o  -v -Wl,-soname -Wl,conftest -o conftest 2\>\&1 \| /bin/grep  -lc  \>/dev/null 2\>\&1
configure:8426: $? = 0
configure:8438: result: no
configure:8602: checking dynamic linker characteristics
configure:9035: gcc -o conftest -g -O2   -Wl,-rpath -Wl,/foo conftest.c  >&5
configure:9035: $? = 0
configure:9265: result: GNU/Linux ld.so
configure:9367: checking how to hardcode library paths into programs
configure:9392: result: immediate
configure:9912: checking whether stripping libraries is possible
configure:9917: result: yes
configure:9952: checking if libtool supports shared libraries
configure:9954: result: yes
configure:9957: checking whether to build shared libraries
configure:9978: result: yes
configure:9981: checking whether to build static libraries
configure:9985: result: yes
configure:10069: checking for gcc
configure:10096: result: gcc
configure:10325: checking for C compiler version
configure:10334: gcc --version >&5
gcc (Ubuntu/Linaro 4.8.1-10ubuntu8) 4.8.1
Copyright (C) 2013 Free Software Foundation, Inc.
This is free software; see the source for copying conditions.  There is NO
warranty; not even for MERCHANTABILITY or FITNESS FOR A PARTICULAR PURPOSE.

configure:10345: $? = 0
configure:10334: gcc -v >&5
Using built-in specs.
COLLECT_GCC=gcc
COLLECT_LTO_WRAPPER=/usr/lib/gcc/i686-linux-gnu/4.8/lto-wrapper
Target: i686-linux-gnu
Configured with: ../src/configure -v --with-pkgversion='Ubuntu/Linaro 4.8.1-10ubuntu8' --with-bugurl=file:///usr/share/doc/gcc-4.8/README.Bugs --enable-languages=c,c++,java,go,d,fortran,objc,obj-c++ --prefix=/usr --program-suffix=-4.8 --enable-shared --enable-linker-build-id --libexecdir=/usr/lib --without-included-gettext --enable-threads=posix --with-gxx-include-dir=/usr/include/c++/4.8 --libdir=/usr/lib --enable-nls --with-sysroot=/ --enable-clocale=gnu --enable-libstdcxx-debug --enable-libstdcxx-time=yes --enable-gnu-unique-object --enable-plugin --with-system-zlib --disable-browser-plugin --enable-java-awt=gtk --enable-gtk-cairo --with-java-home=/usr/lib/jvm/java-1.5.0-gcj-4.8-i386/jre --enable-java-home --with-jvm-root-dir=/usr/lib/jvm/java-1.5.0-gcj-4.8-i386 --with-jvm-jar-dir=/usr/lib/jvm-exports/java-1.5.0-gcj-4.8-i386 --with-arch-directory=i386 --with-ecj-jar=/usr/share/java/eclipse-ecj.jar --enable-objc-gc --enable-targets=all --enable-multiarch --disable-werror --with-arch-32=i686 --with-multilib-list=m32,m64,mx32 --with-tune=generic --enable-checking=release --build=i686-linux-gnu --host=i686-linux-gnu --target=i686-linux-gnu
Thread model: posix
gcc version 4.8.1 (Ubuntu/Linaro 4.8.1-10ubuntu8) 
configure:10345: $? = 0
configure:10334: gcc -V >&5
gcc: error: unrecognized command line option '-V'
gcc: fatal error: no input files
compilation terminated.
configure:10345: $? = 4
configure:10334: gcc -qversion >&5
gcc: error: unrecognized command line option '-qversion'
gcc: fatal error: no input files
compilation terminated.
configure:10345: $? = 4
configure:10349: checking whether we are using the GNU C compiler
configure:10377: result: yes
configure:10386: checking whether gcc accepts -g
configure:10447: result: yes
configure:10464: checking for gcc option to accept ISO C89
configure:10541: result: none needed
configure:10566: checking how to run the C preprocessor
configure:10636: result: gcc -E
configure:10656: gcc -E  conftest.c
configure:10656: $? = 0
configure:10670: gcc -E  conftest.c
conftest.c:21:28: fatal error: ac_nonexistent.h: No such file or directory
 #include <ac_nonexistent.h>
                            ^
compilation terminated.
configure:10670: $? = 1
configure: failed program was:
| /* confdefs.h */
| #define PACKAGE_NAME ""
| #define PACKAGE_TARNAME ""
| #define PACKAGE_VERSION ""
| #define PACKAGE_STRING ""
| #define PACKAGE_BUGREPORT ""
| #define PACKAGE_URL ""
| #define STDC_HEADERS 1
| #define HAVE_SYS_TYPES_H 1
| #define HAVE_SYS_STAT_H 1
| #define HAVE_STDLIB_H 1
| #define HAVE_STRING_H 1
| #define HAVE_MEMORY_H 1
| #define HAVE_STRINGS_H 1
| #define HAVE_INTTYPES_H 1
| #define HAVE_STDINT_H 1
| #define HAVE_UNISTD_H 1
| #define HAVE_DLFCN_H 1
| #define LT_OBJDIR ".libs/"
| /* end confdefs.h.  */
| #include <ac_nonexistent.h>
configure:10756: checking for g++
configure:10772: found /usr/bin/g++
configure:10783: result: g++
configure:10810: checking for C++ compiler version
configure:10819: g++ --version >&5
g++ (Ubuntu/Linaro 4.8.1-10ubuntu8) 4.8.1
Copyright (C) 2013 Free Software Foundation, Inc.
This is free software; see the source for copying conditions.  There is NO
warranty; not even for MERCHANTABILITY or FITNESS FOR A PARTICULAR PURPOSE.

configure:10830: $? = 0
configure:10819: g++ -v >&5
Using built-in specs.
COLLECT_GCC=g++
COLLECT_LTO_WRAPPER=/usr/lib/gcc/i686-linux-gnu/4.8/lto-wrapper
Target: i686-linux-gnu
Configured with: ../src/configure -v --with-pkgversion='Ubuntu/Linaro 4.8.1-10ubuntu8' --with-bugurl=file:///usr/share/doc/gcc-4.8/README.Bugs --enable-languages=c,c++,java,go,d,fortran,objc,obj-c++ --prefix=/usr --program-suffix=-4.8 --enable-shared --enable-linker-build-id --libexecdir=/usr/lib --without-included-gettext --enable-threads=posix --with-gxx-include-dir=/usr/include/c++/4.8 --libdir=/usr/lib --enable-nls --with-sysroot=/ --enable-clocale=gnu --enable-libstdcxx-debug --enable-libstdcxx-time=yes --enable-gnu-unique-object --enable-plugin --with-system-zlib --disable-browser-plugin --enable-java-awt=gtk --enable-gtk-cairo --with-java-home=/usr/lib/jvm/java-1.5.0-gcj-4.8-i386/jre --enable-java-home --with-jvm-root-dir=/usr/lib/jvm/java-1.5.0-gcj-4.8-i386 --with-jvm-jar-dir=/usr/lib/jvm-exports/java-1.5.0-gcj-4.8-i386 --with-arch-directory=i386 --with-ecj-jar=/usr/share/java/eclipse-ecj.jar --enable-objc-gc --enable-targets=all --enable-multiarch --disable-werror --with-arch-32=i686 --with-multilib-list=m32,m64,mx32 --with-tune=generic --enable-checking=release --build=i686-linux-gnu --host=i686-linux-gnu --target=i686-linux-gnu
Thread model: posix
gcc version 4.8.1 (Ubuntu/Linaro 4.8.1-10ubuntu8) 
configure:10830: $? = 0
configure:10819: g++ -V >&5
g++: error: unrecognized command line option '-V'
g++: fatal error: no input files
compilation terminated.
configure:10830: $? = 4
configure:10819: g++ -qversion >&5
g++: error: unrecognized command line option '-qversion'
g++: fatal error: no input files
compilation terminated.
configure:10830: $? = 4
configure:10834: checking whether we are using the GNU C++ compiler
configure:10853: g++ -c   conftest.cpp >&5
configure:10853: $? = 0
configure:10862: result: yes
configure:10871: checking whether g++ accepts -g
configure:10891: g++ -c -g  conftest.cpp >&5
configure:10891: $? = 0
configure:10932: result: yes
configure:11068: checking for C++ compiler version
configure:11077: g++ --version >&5
g++ (Ubuntu/Linaro 4.8.1-10ubuntu8) 4.8.1
Copyright (C) 2013 Free Software Foundation, Inc.
This is free software; see the source for copying conditions.  There is NO
warranty; not even for MERCHANTABILITY or FITNESS FOR A PARTICULAR PURPOSE.

configure:11088: $? = 0
configure:11077: g++ -v >&5
Using built-in specs.
COLLECT_GCC=g++
COLLECT_LTO_WRAPPER=/usr/lib/gcc/i686-linux-gnu/4.8/lto-wrapper
Target: i686-linux-gnu
Configured with: ../src/configure -v --with-pkgversion='Ubuntu/Linaro 4.8.1-10ubuntu8' --with-bugurl=file:///usr/share/doc/gcc-4.8/README.Bugs --enable-languages=c,c++,java,go,d,fortran,objc,obj-c++ --prefix=/usr --program-suffix=-4.8 --enable-shared --enable-linker-build-id --libexecdir=/usr/lib --without-included-gettext --enable-threads=posix --with-gxx-include-dir=/usr/include/c++/4.8 --libdir=/usr/lib --enable-nls --with-sysroot=/ --enable-clocale=gnu --enable-libstdcxx-debug --enable-libstdcxx-time=yes --enable-gnu-unique-object --enable-plugin --with-system-zlib --disable-browser-plugin --enable-java-awt=gtk --enable-gtk-cairo --with-java-home=/usr/lib/jvm/java-1.5.0-gcj-4.8-i386/jre --enable-java-home --with-jvm-root-dir=/usr/lib/jvm/java-1.5.0-gcj-4.8-i386 --with-jvm-jar-dir=/usr/lib/jvm-exports/java-1.5.0-gcj-4.8-i386 --with-arch-directory=i386 --with-ecj-jar=/usr/share/java/eclipse-ecj.jar --enable-objc-gc --enable-targets=all --enable-multiarch --disable-werror --with-arch-32=i686 --with-multilib-list=m32,m64,mx32 --with-tune=generic --enable-checking=release --build=i686-linux-gnu --host=i686-linux-gnu --target=i686-linux-gnu
Thread model: posix
gcc version 4.8.1 (Ubuntu/Linaro 4.8.1-10ubuntu8) 
configure:11088: $? = 0
configure:11077: g++ -V >&5
g++: error: unrecognized command line option '-V'
g++: fatal error: no input files
compilation terminated.
configure:11088: $? = 4
configure:11077: g++ -qversion >&5
g++: error: unrecognized command line option '-qversion'
g++: fatal error: no input files
compilation terminated.
configure:11088: $? = 4
configure:11092: checking whether we are using the GNU C++ compiler
configure:11120: result: yes
configure:11129: checking whether g++ accepts -g
configure:11190: result: yes
configure:11221: checking how to run the C++ preprocessor
configure:11248: g++ -E  conftest.cpp
configure:11248: $? = 0
configure:11262: g++ -E  conftest.cpp
conftest.cpp:21:28: fatal error: ac_nonexistent.h: No such file or directory
 #include <ac_nonexistent.h>
                            ^
compilation terminated.
configure:11262: $? = 1
configure: failed program was:
| /* confdefs.h */
| #define PACKAGE_NAME ""
| #define PACKAGE_TARNAME ""
| #define PACKAGE_VERSION ""
| #define PACKAGE_STRING ""
| #define PACKAGE_BUGREPORT ""
| #define PACKAGE_URL ""
| #define STDC_HEADERS 1
| #define HAVE_SYS_TYPES_H 1
| #define HAVE_SYS_STAT_H 1
| #define HAVE_STDLIB_H 1
| #define HAVE_STRING_H 1
| #define HAVE_MEMORY_H 1
| #define HAVE_STRINGS_H 1
| #define HAVE_INTTYPES_H 1
| #define HAVE_STDINT_H 1
| #define HAVE_UNISTD_H 1
| #define HAVE_DLFCN_H 1
| #define LT_OBJDIR ".libs/"
| /* end confdefs.h.  */
| #include <ac_nonexistent.h>
configure:11287: result: g++ -E
configure:11307: g++ -E  conftest.cpp
configure:11307: $? = 0
configure:11321: g++ -E  conftest.cpp
conftest.cpp:21:28: fatal error: ac_nonexistent.h: No such file or directory
 #include <ac_nonexistent.h>
                            ^
compilation terminated.
configure:11321: $? = 1
configure: failed program was:
| /* confdefs.h */
| #define PACKAGE_NAME ""
| #define PACKAGE_TARNAME ""
| #define PACKAGE_VERSION ""
| #define PACKAGE_STRING ""
| #define PACKAGE_BUGREPORT ""
| #define PACKAGE_URL ""
| #define STDC_HEADERS 1
| #define HAVE_SYS_TYPES_H 1
| #define HAVE_SYS_STAT_H 1
| #define HAVE_STDLIB_H 1
| #define HAVE_STRING_H 1
| #define HAVE_MEMORY_H 1
| #define HAVE_STRINGS_H 1
| #define HAVE_INTTYPES_H 1
| #define HAVE_STDINT_H 1
| #define HAVE_UNISTD_H 1
| #define HAVE_DLFCN_H 1
| #define LT_OBJDIR ".libs/"
| /* end confdefs.h.  */
| #include <ac_nonexistent.h>
configure:11489: checking for ld used by g++
configure:11556: result: /usr/bin/ld
configure:11563: checking if the linker (/usr/bin/ld) is GNU ld
configure:11578: result: yes
configure:11633: checking whether the g++ linker (/usr/bin/ld) supports shared libraries
configure:12546: result: yes
configure:12574: g++ -c -g -O2  conftest.cpp >&5
configure:12577: $? = 0
configure:12759: checking for g++ option to produce PIC
configure:13076: result: -fPIC -DPIC
configure:13085: checking if g++ PIC flag -fPIC -DPIC works
configure:13103: g++ -c -g -O2  -fPIC -DPIC -DPIC conftest.cpp >&5
configure:13107: $? = 0
configure:13120: result: yes
configure:13141: checking if g++ static flag -static works
configure:13169: result: yes
configure:13181: checking if g++ supports -c -o file.o
configure:13202: g++ -c -g -O2  -o out/conftest2.o conftest.cpp >&5
configure:13206: $? = 0
configure:13228: result: yes
configure:13233: checking if g++ supports -c -o file.o
configure:13280: result: yes
configure:13310: checking whether the g++ linker (/usr/bin/ld) supports shared libraries
configure:13339: result: yes
configure:13476: checking dynamic linker characteristics
configure:13857: g++ -o conftest -g -O2   -Wl,-rpath -Wl,/foo conftest.cpp  >&5
configure:13857: $? = 0
configure:14087: result: GNU/Linux ld.so
configure:14138: checking how to hardcode library paths into programs
configure:14163: result: immediate
configure:14202: checking for grep that handles long lines and -e
configure:14260: result: /bin/grep
configure:14267: checking for ant
configure:14300: result: no
configure:14309: checking for cpp
configure:14327: found /usr/bin/cpp
configure:14339: result: /usr/bin/cpp
configure:14401: checking if g++ supports -Wall
configure:14419: gcc -c -g -O2  -Wall conftest.c >&5
configure:14423: $? = 0
configure:14436: result: yes
configure:14445: checking if g++ supports -Wmissing-prototypes
configure:14463: gcc -c -g -O2  -Wmissing-prototypes conftest.c >&5
configure:14467: $? = 0
configure:14480: result: yes
configure:14492: checking if g++ supports -ffloat-store
configure:14510: gcc -c -g -O2  -ffloat-store conftest.c >&5
configure:14514: $? = 0
configure:14527: result: yes
configure:14570: checking for flex
configure:14600: result: no
configure:14570: checking for lex
configure:14600: result: no
configure:14727: checking for bison
configure:14757: result: no
configure:14727: checking for byacc
configure:14757: result: no
configure:14769: checking ieeefp.h usability
configure:14769: gcc -c -g -O2  conftest.c >&5
conftest.c:57:20: fatal error: ieeefp.h: No such file or directory
 #include <ieeefp.h>
                    ^
compilation terminated.
configure:14769: $? = 1
configure: failed program was:
| /* confdefs.h */
| #define PACKAGE_NAME ""
| #define PACKAGE_TARNAME ""
| #define PACKAGE_VERSION ""
| #define PACKAGE_STRING ""
| #define PACKAGE_BUGREPORT ""
| #define PACKAGE_URL ""
| #define STDC_HEADERS 1
| #define HAVE_SYS_TYPES_H 1
| #define HAVE_SYS_STAT_H 1
| #define HAVE_STDLIB_H 1
| #define HAVE_STRING_H 1
| #define HAVE_MEMORY_H 1
| #define HAVE_STRINGS_H 1
| #define HAVE_INTTYPES_H 1
| #define HAVE_STDINT_H 1
| #define HAVE_UNISTD_H 1
| #define HAVE_DLFCN_H 1
| #define LT_OBJDIR ".libs/"
| #define POSTGIS_MAJOR_VERSION "2"
| #define POSTGIS_MINOR_VERSION "1"
| #define POSTGIS_MICRO_VERSION "0"
| /* end confdefs.h.  */
| #include <stdio.h>
| #ifdef HAVE_SYS_TYPES_H
| # include <sys/types.h>
| #endif
| #ifdef HAVE_SYS_STAT_H
| # include <sys/stat.h>
| #endif
| #ifdef STDC_HEADERS
| # include <stdlib.h>
| # include <stddef.h>
| #else
| # ifdef HAVE_STDLIB_H
| #  include <stdlib.h>
| # endif
| #endif
| #ifdef HAVE_STRING_H
| # if !defined STDC_HEADERS && defined HAVE_MEMORY_H
| #  include <memory.h>
| # endif
| # include <string.h>
| #endif
| #ifdef HAVE_STRINGS_H
| # include <strings.h>
| #endif
| #ifdef HAVE_INTTYPES_H
| # include <inttypes.h>
| #endif
| #ifdef HAVE_STDINT_H
| # include <stdint.h>
| #endif
| #ifdef HAVE_UNISTD_H
| # include <unistd.h>
| #endif
| #include <ieeefp.h>
configure:14769: result: no
configure:14769: checking ieeefp.h presence
configure:14769: gcc -E  conftest.c
conftest.c:24:20: fatal error: ieeefp.h: No such file or directory
 #include <ieeefp.h>
                    ^
compilation terminated.
configure:14769: $? = 1
configure: failed program was:
| /* confdefs.h */
| #define PACKAGE_NAME ""
| #define PACKAGE_TARNAME ""
| #define PACKAGE_VERSION ""
| #define PACKAGE_STRING ""
| #define PACKAGE_BUGREPORT ""
| #define PACKAGE_URL ""
| #define STDC_HEADERS 1
| #define HAVE_SYS_TYPES_H 1
| #define HAVE_SYS_STAT_H 1
| #define HAVE_STDLIB_H 1
| #define HAVE_STRING_H 1
| #define HAVE_MEMORY_H 1
| #define HAVE_STRINGS_H 1
| #define HAVE_INTTYPES_H 1
| #define HAVE_STDINT_H 1
| #define HAVE_UNISTD_H 1
| #define HAVE_DLFCN_H 1
| #define LT_OBJDIR ".libs/"
| #define POSTGIS_MAJOR_VERSION "2"
| #define POSTGIS_MINOR_VERSION "1"
| #define POSTGIS_MICRO_VERSION "0"
| /* end confdefs.h.  */
| #include <ieeefp.h>
configure:14769: result: no
configure:14769: checking for ieeefp.h
configure:14769: result: no
configure:14782: checking termios.h usability
configure:14782: gcc -c -g -O2  conftest.c >&5
configure:14782: $? = 0
configure:14782: result: yes
configure:14782: checking termios.h presence
configure:14782: gcc -E  conftest.c
configure:14782: $? = 0
configure:14782: result: yes
configure:14782: checking for termios.h
configure:14782: result: yes
configure:14797: checking for vasprintf
configure:14797: gcc -o conftest -g -O2   conftest.c  >&5
configure:14797: $? = 0
configure:14797: result: yes
configure:14806: checking for asprintf
configure:14806: gcc -o conftest -g -O2   conftest.c  >&5
configure:14806: $? = 0
configure:14806: result: yes
configure:14815: checking for _LARGEFILE_SOURCE value needed for large files
configure:14834: gcc -o conftest -g -O2   conftest.c  >&5
configure:14834: $? = 0
configure:14862: result: no
configure:14896: checking for perl
configure:14914: found /usr/bin/perl
configure:14926: result: /usr/bin/perl
configure:14942: checking for convert
configure:14975: result: no
configure:14981: WARNING: ImageMagick does not seem to be installed. Documentation cannot be built
configure:14987: checking for xsltproc
configure:15020: result: no
configure:15026: WARNING: xsltproc is not installed so documentation cannot be built
configure:15032: checking for xmllint
configure:15050: found /usr/bin/xmllint
configure:15062: result: /usr/bin/xmllint
configure:15077: checking for dblatex
configure:15110: result: no
configure:15116: WARNING: dblatex is not installed so PDF documentation cannot be built
configure:15148: WARNING: could not locate Docbook stylesheets required to build the documentation
configure:15194: checking CUnit/CUnit.h usability
configure:15194: gcc -c -g -O2  conftest.c >&5
configure:15194: $? = 0
configure:15194: result: yes
configure:15194: checking CUnit/CUnit.h presence
configure:15194: gcc -E  conftest.c
configure:15194: $? = 0
configure:15194: result: yes
configure:15194: checking for CUnit/CUnit.h
configure:15194: result: yes
configure:15198: checking for CU_initialize_registry in -lcunit
configure:15223: gcc -o conftest -g -O2   conftest.c -lcunit   >&5
configure:15223: $? = 0
configure:15232: result: yes
configure:15281: checking iconv.h usability
configure:15281: gcc -c -g -O2  conftest.c >&5
configure:15281: $? = 0
configure:15281: result: yes
configure:15281: checking iconv.h presence
configure:15281: gcc -E  conftest.c
configure:15281: $? = 0
configure:15281: result: yes
configure:15281: checking for iconv.h
configure:15281: result: yes
configure:15289: checking for libiconv_open in -liconv
configure:15314: gcc -o conftest -g -O2   conftest.c -liconv   >&5
/usr/bin/ld: cannot find -liconv
collect2: error: ld returned 1 exit status
configure:15314: $? = 1
configure: failed program was:
| /* confdefs.h */
| #define PACKAGE_NAME ""
| #define PACKAGE_TARNAME ""
| #define PACKAGE_VERSION ""
| #define PACKAGE_STRING ""
| #define PACKAGE_BUGREPORT ""
| #define PACKAGE_URL ""
| #define STDC_HEADERS 1
| #define HAVE_SYS_TYPES_H 1
| #define HAVE_SYS_STAT_H 1
| #define HAVE_STDLIB_H 1
| #define HAVE_STRING_H 1
| #define HAVE_MEMORY_H 1
| #define HAVE_STRINGS_H 1
| #define HAVE_INTTYPES_H 1
| #define HAVE_STDINT_H 1
| #define HAVE_UNISTD_H 1
| #define HAVE_DLFCN_H 1
| #define LT_OBJDIR ".libs/"
| #define POSTGIS_MAJOR_VERSION "2"
| #define POSTGIS_MINOR_VERSION "1"
| #define POSTGIS_MICRO_VERSION "0"
| #define HAVE_IEEEFP_H 0
| #define HAVE_TERMIOS_H 1
| #define HAVE_VASPRINTF 1
| #define HAVE_ASPRINTF 1
| #define HAVE_FSEEKO 1
| /* end confdefs.h.  */
| 
| /* Override any GCC internal prototype to avoid an error.
|    Use char because int might match the return type of a GCC
|    builtin and then its argument prototype would still apply.  */
| #ifdef __cplusplus
| extern "C"
| #endif
| char libiconv_open ();
| int
| main ()
| {
| return libiconv_open ();
|   ;
|   return 0;
| }
configure:15323: result: no
configure:15330: checking for iconv_open in -lc
configure:15355: gcc -o conftest -g -O2   conftest.c -lc   >&5
configure:15355: $? = 0
configure:15364: result: yes
configure:15423: checking for iconvctl
configure:15423: gcc -o conftest -g -O2   conftest.c  >&5
/tmp/ccbLw9Ls.o: In function `main':
/home/vizitown/Téléchargements/postgis/conftest.c:63: undefined reference to `iconvctl'
collect2: error: ld returned 1 exit status
configure:15423: $? = 1
configure: failed program was:
| /* confdefs.h */
| #define PACKAGE_NAME ""
| #define PACKAGE_TARNAME ""
| #define PACKAGE_VERSION ""
| #define PACKAGE_STRING ""
| #define PACKAGE_BUGREPORT ""
| #define PACKAGE_URL ""
| #define STDC_HEADERS 1
| #define HAVE_SYS_TYPES_H 1
| #define HAVE_SYS_STAT_H 1
| #define HAVE_STDLIB_H 1
| #define HAVE_STRING_H 1
| #define HAVE_MEMORY_H 1
| #define HAVE_STRINGS_H 1
| #define HAVE_INTTYPES_H 1
| #define HAVE_STDINT_H 1
| #define HAVE_UNISTD_H 1
| #define HAVE_DLFCN_H 1
| #define LT_OBJDIR ".libs/"
| #define POSTGIS_MAJOR_VERSION "2"
| #define POSTGIS_MINOR_VERSION "1"
| #define POSTGIS_MICRO_VERSION "0"
| #define HAVE_IEEEFP_H 0
| #define HAVE_TERMIOS_H 1
| #define HAVE_VASPRINTF 1
| #define HAVE_ASPRINTF 1
| #define HAVE_FSEEKO 1
| /* end confdefs.h.  */
| /* Define iconvctl to an innocuous variant, in case <limits.h> declares iconvctl.
|    For example, HP-UX 11i <limits.h> declares gettimeofday.  */
| #define iconvctl innocuous_iconvctl
| 
| /* System header to define __stub macros and hopefully few prototypes,
|     which can conflict with char iconvctl (); below.
|     Prefer <limits.h> to <assert.h> if __STDC__ is defined, since
|     <limits.h> exists even on freestanding compilers.  */
| 
| #ifdef __STDC__
| # include <limits.h>
| #else
| # include <assert.h>
| #endif
| 
| #undef iconvctl
| 
| /* Override any GCC internal prototype to avoid an error.
|    Use char because int might match the return type of a GCC
|    builtin and then its argument prototype would still apply.  */
| #ifdef __cplusplus
| extern "C"
| #endif
| char iconvctl ();
| /* The GNU C library defines this for functions which it implements
|     to always fail with ENOSYS.  Some functions are actually named
|     something starting with __ and the normal name is an alias.  */
| #if defined __stub_iconvctl || defined __stub___iconvctl
| choke me
| #endif
| 
| int
| main ()
| {
| return iconvctl ();
|   ;
|   return 0;
| }
configure:15423: result: no
configure:15423: checking for libiconvctl
configure:15423: gcc -o conftest -g -O2   conftest.c  >&5
/tmp/ccZtgVjy.o: In function `main':
/home/vizitown/Téléchargements/postgis/conftest.c:63: undefined reference to `libiconvctl'
collect2: error: ld returned 1 exit status
configure:15423: $? = 1
configure: failed program was:
| /* confdefs.h */
| #define PACKAGE_NAME ""
| #define PACKAGE_TARNAME ""
| #define PACKAGE_VERSION ""
| #define PACKAGE_STRING ""
| #define PACKAGE_BUGREPORT ""
| #define PACKAGE_URL ""
| #define STDC_HEADERS 1
| #define HAVE_SYS_TYPES_H 1
| #define HAVE_SYS_STAT_H 1
| #define HAVE_STDLIB_H 1
| #define HAVE_STRING_H 1
| #define HAVE_MEMORY_H 1
| #define HAVE_STRINGS_H 1
| #define HAVE_INTTYPES_H 1
| #define HAVE_STDINT_H 1
| #define HAVE_UNISTD_H 1
| #define HAVE_DLFCN_H 1
| #define LT_OBJDIR ".libs/"
| #define POSTGIS_MAJOR_VERSION "2"
| #define POSTGIS_MINOR_VERSION "1"
| #define POSTGIS_MICRO_VERSION "0"
| #define HAVE_IEEEFP_H 0
| #define HAVE_TERMIOS_H 1
| #define HAVE_VASPRINTF 1
| #define HAVE_ASPRINTF 1
| #define HAVE_FSEEKO 1
| /* end confdefs.h.  */
| /* Define libiconvctl to an innocuous variant, in case <limits.h> declares libiconvctl.
|    For example, HP-UX 11i <limits.h> declares gettimeofday.  */
| #define libiconvctl innocuous_libiconvctl
| 
| /* System header to define __stub macros and hopefully few prototypes,
|     which can conflict with char libiconvctl (); below.
|     Prefer <limits.h> to <assert.h> if __STDC__ is defined, since
|     <limits.h> exists even on freestanding compilers.  */
| 
| #ifdef __STDC__
| # include <limits.h>
| #else
| # include <assert.h>
| #endif
| 
| #undef libiconvctl
| 
| /* Override any GCC internal prototype to avoid an error.
|    Use char because int might match the return type of a GCC
|    builtin and then its argument prototype would still apply.  */
| #ifdef __cplusplus
| extern "C"
| #endif
| char libiconvctl ();
| /* The GNU C library defines this for functions which it implements
|     to always fail with ENOSYS.  Some functions are actually named
|     something starting with __ and the normal name is an alias.  */
| #if defined __stub_libiconvctl || defined __stub___libiconvctl
| choke me
| #endif
| 
| int
| main ()
| {
| return libiconvctl ();
|   ;
|   return 0;
| }
configure:15423: result: no
configure:15463: checking for pg_config
configure:15481: found /usr/bin/pg_config
configure:15493: result: /usr/bin/pg_config
configure:15537: result: checking PostgreSQL version... PostgreSQL 9.1.10
configure:15590: checking libpq-fe.h usability
configure:15590: gcc -c -g -O2 -I/usr/include/postgresql conftest.c >&5
configure:15590: $? = 0
configure:15590: result: yes
configure:15590: checking libpq-fe.h presence
configure:15590: gcc -E -I/usr/include/postgresql conftest.c
configure:15590: $? = 0
configure:15590: result: yes
configure:15590: checking for libpq-fe.h
configure:15590: result: yes
configure:15602: checking for PQserverVersion in -lpq
configure:15627: gcc -o conftest -g -O2   conftest.c -lpq  -L/usr/lib -lpq >&5
configure:15627: $? = 0
configure:15636: result: yes
configure:15692: checking for xml2-config
configure:15710: found /usr/bin/xml2-config
configure:15722: result: /usr/bin/xml2-config
configure:15758: checking libxml/tree.h usability
configure:15758: gcc -c -g -O2 -I/usr/include/libxml2 conftest.c >&5
configure:15758: $? = 0
configure:15758: result: yes
configure:15758: checking libxml/tree.h presence
configure:15758: gcc -E -I/usr/include/libxml2 conftest.c
configure:15758: $? = 0
configure:15758: result: yes
configure:15758: checking for libxml/tree.h
configure:15758: result: yes
configure:15758: checking libxml/parser.h usability
configure:15758: gcc -c -g -O2 -I/usr/include/libxml2 conftest.c >&5
configure:15758: $? = 0
configure:15758: result: yes
configure:15758: checking libxml/parser.h presence
configure:15758: gcc -E -I/usr/include/libxml2 conftest.c
configure:15758: $? = 0
configure:15758: result: yes
configure:15758: checking for libxml/parser.h
configure:15758: result: yes
configure:15758: checking libxml/xpath.h usability
configure:15758: gcc -c -g -O2 -I/usr/include/libxml2 conftest.c >&5
configure:15758: $? = 0
configure:15758: result: yes
configure:15758: checking libxml/xpath.h presence
configure:15758: gcc -E -I/usr/include/libxml2 conftest.c
configure:15758: $? = 0
configure:15758: result: yes
configure:15758: checking for libxml/xpath.h
configure:15758: result: yes
configure:15758: checking libxml/xpathInternals.h usability
configure:15758: gcc -c -g -O2 -I/usr/include/libxml2 conftest.c >&5
configure:15758: $? = 0
configure:15758: result: yes
configure:15758: checking libxml/xpathInternals.h presence
configure:15758: gcc -E -I/usr/include/libxml2 conftest.c
configure:15758: $? = 0
configure:15758: result: yes
configure:15758: checking for libxml/xpathInternals.h
configure:15758: result: yes
configure:15774: checking for xmlInitParser in -lxml2
configure:15799: gcc -o conftest -g -O2   conftest.c -lxml2  -lxml2 >&5
configure:15799: $? = 0
configure:15808: result: yes
configure:15845: checking for geos-config
configure:15863: found /usr/local/bin/geos-config
configure:15875: result: /usr/local/bin/geos-config
configure:15912: result: checking GEOS version... 3.4.2
configure:15925: checking geos_c.h usability
configure:15925: gcc -c -g -O2 -I/usr/local/include conftest.c >&5
configure:15925: $? = 0
configure:15925: result: yes
configure:15925: checking geos_c.h presence
configure:15925: gcc -E -I/usr/local/include conftest.c
configure:15925: $? = 0
configure:15925: result: yes
configure:15925: checking for geos_c.h
configure:15925: result: yes
configure:15937: checking for initGEOS in -lgeos_c
configure:15962: gcc -o conftest -g -O2   conftest.c -lgeos_c  -L/usr/local/lib >&5
configure:15962: $? = 0
configure:15971: result: yes
configure:16002: checking for sfcgal-config
configure:16020: found /usr/local/bin/sfcgal-config
configure:16032: result: /usr/local/bin/sfcgal-config
configure:16100: checking whether make sets $(MAKE)
configure:16122: result: yes
configure:16145: checking for a BSD-compatible install
configure:16213: result: /usr/bin/install -c
configure:16224: checking for a thread-safe mkdir -p
configure:16263: result: /bin/mkdir -p
configure:16273: checking whether NLS is requested
configure:16282: result: yes
configure:16323: checking for msgfmt
configure: trying /usr/bin/msgfmt...
0 translated messages.
configure:16355: result: /usr/bin/msgfmt
configure:16364: checking for gmsgfmt
configure:16395: result: /usr/bin/msgfmt
configure:16446: checking for xgettext
configure: trying /usr/bin/xgettext...
/usr/bin/xgettext: warning: file `/dev/null' extension `' is unknown; will try C
configure:16478: result: /usr/bin/xgettext
configure:16524: checking for msgmerge
configure: trying /usr/bin/msgmerge...
configure:16555: result: /usr/bin/msgmerge
configure:16612: checking for ld used by GCC
configure:16676: result: /usr/bin/ld
configure:16683: checking if the linker (/usr/bin/ld) is GNU ld
configure:16696: result: yes
configure:16703: checking for shared library run path origin
configure:16716: result: done
configure:17217: checking for CFPreferencesCopyAppValue
configure:17235: gcc -o conftest -g -O2   conftest.c  -Wl,-framework -Wl,CoreFoundation >&5
conftest.c:41:42: fatal error: CoreFoundation/CFPreferences.h: No such file or directory
 #include <CoreFoundation/CFPreferences.h>
                                          ^
compilation terminated.
configure:17235: $? = 1
configure: failed program was:
| /* confdefs.h */
| #define PACKAGE_NAME ""
| #define PACKAGE_TARNAME ""
| #define PACKAGE_VERSION ""
| #define PACKAGE_STRING ""
| #define PACKAGE_BUGREPORT ""
| #define PACKAGE_URL ""
| #define STDC_HEADERS 1
| #define HAVE_SYS_TYPES_H 1
| #define HAVE_SYS_STAT_H 1
| #define HAVE_STDLIB_H 1
| #define HAVE_STRING_H 1
| #define HAVE_MEMORY_H 1
| #define HAVE_STRINGS_H 1
| #define HAVE_INTTYPES_H 1
| #define HAVE_STDINT_H 1
| #define HAVE_UNISTD_H 1
| #define HAVE_DLFCN_H 1
| #define LT_OBJDIR ".libs/"
| #define POSTGIS_MAJOR_VERSION "2"
| #define POSTGIS_MINOR_VERSION "1"
| #define POSTGIS_MICRO_VERSION "0"
| #define HAVE_IEEEFP_H 0
| #define HAVE_TERMIOS_H 1
| #define HAVE_VASPRINTF 1
| #define HAVE_ASPRINTF 1
| #define HAVE_FSEEKO 1
| #define HAVE_ICONV 1
| #define PGSQL_LOCALEDIR "/usr/share/locale"
| #define HAVE_LIBPQ 1
| #define POSTGIS_PGSQL_VERSION 91
| #define HAVE_LIBXML_TREE_H 1
| #define HAVE_LIBXML_PARSER_H 1
| #define HAVE_LIBXML_XPATH_H 1
| #define HAVE_LIBXML_XPATHINTERNALS_H 1
| #define HAVE_LIBXML2 1
| #define POSTGIS_LIBXML2_VERSION "2.9.1"
| #define HAVE_LIBGEOS_C 1
| #define POSTGIS_GEOS_VERSION 34
| /* end confdefs.h.  */
| #include <CoreFoundation/CFPreferences.h>
| int
| main ()
| {
| CFPreferencesCopyAppValue(NULL, NULL)
|   ;
|   return 0;
| }
configure:17244: result: no
configure:17251: checking for CFLocaleCopyCurrent
configure:17269: gcc -o conftest -g -O2   conftest.c  -Wl,-framework -Wl,CoreFoundation >&5
conftest.c:41:37: fatal error: CoreFoundation/CFLocale.h: No such file or directory
 #include <CoreFoundation/CFLocale.h>
                                     ^
compilation terminated.
configure:17269: $? = 1
configure: failed program was:
| /* confdefs.h */
| #define PACKAGE_NAME ""
| #define PACKAGE_TARNAME ""
| #define PACKAGE_VERSION ""
| #define PACKAGE_STRING ""
| #define PACKAGE_BUGREPORT ""
| #define PACKAGE_URL ""
| #define STDC_HEADERS 1
| #define HAVE_SYS_TYPES_H 1
| #define HAVE_SYS_STAT_H 1
| #define HAVE_STDLIB_H 1
| #define HAVE_STRING_H 1
| #define HAVE_MEMORY_H 1
| #define HAVE_STRINGS_H 1
| #define HAVE_INTTYPES_H 1
| #define HAVE_STDINT_H 1
| #define HAVE_UNISTD_H 1
| #define HAVE_DLFCN_H 1
| #define LT_OBJDIR ".libs/"
| #define POSTGIS_MAJOR_VERSION "2"
| #define POSTGIS_MINOR_VERSION "1"
| #define POSTGIS_MICRO_VERSION "0"
| #define HAVE_IEEEFP_H 0
| #define HAVE_TERMIOS_H 1
| #define HAVE_VASPRINTF 1
| #define HAVE_ASPRINTF 1
| #define HAVE_FSEEKO 1
| #define HAVE_ICONV 1
| #define PGSQL_LOCALEDIR "/usr/share/locale"
| #define HAVE_LIBPQ 1
| #define POSTGIS_PGSQL_VERSION 91
| #define HAVE_LIBXML_TREE_H 1
| #define HAVE_LIBXML_PARSER_H 1
| #define HAVE_LIBXML_XPATH_H 1
| #define HAVE_LIBXML_XPATHINTERNALS_H 1
| #define HAVE_LIBXML2 1
| #define POSTGIS_LIBXML2_VERSION "2.9.1"
| #define HAVE_LIBGEOS_C 1
| #define POSTGIS_GEOS_VERSION 34
| /* end confdefs.h.  */
| #include <CoreFoundation/CFLocale.h>
| int
| main ()
| {
| CFLocaleCopyCurrent();
|   ;
|   return 0;
| }
configure:17278: result: no
configure:17327: checking for GNU gettext in libc
configure:17347: gcc -o conftest -g -O2   conftest.c  >&5
configure:17347: $? = 0
configure:17356: result: yes
configure:18101: checking whether to use NLS
configure:18103: result: yes
configure:18106: checking where the gettext function comes from
configure:18117: result: libc
configure:18215: checking proj_api.h usability
configure:18215: gcc -c -g -O2  conftest.c >&5
configure:18215: $? = 0
configure:18215: result: yes
configure:18215: checking proj_api.h presence
configure:18215: gcc -E  conftest.c
configure:18215: $? = 0
configure:18215: result: yes
configure:18215: checking for proj_api.h
configure:18215: result: yes
configure:18253: gcc -o conftest -g -O2   conftest.c  >&5
configure:18253: $? = 0
configure:18253: ./conftest
configure:18253: $? = 0
configure:18285: checking for pj_get_release in -lproj
configure:18310: gcc -o conftest -g -O2   conftest.c -lproj   >&5
configure:18310: $? = 0
configure:18319: result: yes
configure:18379: checking json/json.h usability
configure:18379: gcc -c -g -O2  conftest.c >&5
configure:18379: $? = 0
configure:18379: result: yes
configure:18379: checking json/json.h presence
configure:18379: gcc -E  conftest.c
configure:18379: $? = 0
configure:18379: result: yes
configure:18379: checking for json/json.h
configure:18379: result: yes
configure:18389: checking for json_object_get in -ljson-c
configure:18414: gcc -o conftest -g -O2   conftest.c -ljson-c   >&5
configure:18414: $? = 0
configure:18423: result: yes
configure:18890: result: CPPFLAGS:  -I/usr/local/include  -I/usr/include/libxml2 -I/usr/local/include -DHAVE_SFCGAL 
configure:18906: result: TOPOLOGY: Topology support requested
configure:18934: result: RASTER: Raster support requested
configure:19024: checking for gdal-config
configure:19042: found /usr/bin/gdal-config
configure:19054: result: /usr/bin/gdal-config
configure:19066: checking GDAL version
configure:19077: result: 1.9.0
configure:19091: checking for OGR enabled
configure:19099: result: yes
configure:19115: checking gdal.h usability
configure:19115: gcc -c  -I/usr/include/gdal conftest.c >&5
configure:19115: $? = 0
configure:19115: result: yes
configure:19115: checking gdal.h presence
configure:19115: gcc -E -I/usr/include/gdal conftest.c
configure:19115: $? = 0
configure:19115: result: yes
configure:19115: checking for gdal.h
configure:19115: result: yes
configure:19115: checking ogr_api.h usability
configure:19115: gcc -c  -I/usr/include/gdal conftest.c >&5
configure:19115: $? = 0
configure:19115: result: yes
configure:19115: checking ogr_api.h presence
configure:19115: gcc -E -I/usr/include/gdal conftest.c
configure:19115: $? = 0
configure:19115: result: yes
configure:19115: checking for ogr_api.h
configure:19115: result: yes
configure:19115: checking cpl_conv.h usability
configure:19115: gcc -c  -I/usr/include/gdal conftest.c >&5
configure:19115: $? = 0
configure:19115: result: yes
configure:19115: checking cpl_conv.h presence
configure:19115: gcc -E -I/usr/include/gdal conftest.c
configure:19115: $? = 0
configure:19115: result: yes
configure:19115: checking for cpl_conv.h
configure:19115: result: yes
configure:19128: checking for library containing GDALAllRegister
configure:19159: gcc -o conftest  -I/usr/include/gdal  conftest.c -L/usr/lib -lgdal >&5
configure:19159: $? = 0
configure:19176: result: none required
configure:19189: checking for library containing OGRRegisterAll
configure:19220: gcc -o conftest  -I/usr/include/gdal  conftest.c -L/usr/lib -lgdal >&5
configure:19220: $? = 0
configure:19237: result: none required
configure:19250: checking for library containing GDALFPolygonize
configure:19281: gcc -o conftest  -I/usr/include/gdal  conftest.c -L/usr/lib -lgdal >&5
configure:19281: $? = 0
configure:19298: result: none required
configure:19365: result: enabling PostgreSQL extension support...
configure:19480: creating ./config.status

## ---------------------- ##
## Running config.status. ##
## ---------------------- ##

This file was extended by config.status, which was
generated by GNU Autoconf 2.67.  Invocation command line was

  CONFIG_FILES    = 
  CONFIG_HEADERS  = 
  CONFIG_LINKS    = 
  CONFIG_COMMANDS = 
  $ ./config.status 

on Vizitown-VM

config.status:1289: creating GNUmakefile
config.status:1289: creating extensions/Makefile
config.status:1289: creating extensions/postgis/Makefile
config.status:1289: creating extensions/postgis/postgis.control
config.status:1289: creating extensions/postgis_topology/Makefile
config.status:1289: creating extensions/postgis_topology/postgis_topology.control
config.status:1289: creating extensions/postgis_tiger_geocoder/Makefile
config.status:1289: creating extensions/postgis_tiger_geocoder/postgis_tiger_geocoder.control
config.status:1289: creating liblwgeom/Makefile
config.status:1289: creating liblwgeom/cunit/Makefile
config.status:1289: creating liblwgeom/liblwgeom.h
config.status:1289: creating libpgcommon/Makefile
config.status:1289: creating libpgcommon/cunit/Makefile
config.status:1289: creating postgis/Makefile
config.status:1289: creating postgis/sqldefines.h
config.status:1289: creating loader/Makefile
config.status:1289: creating loader/cunit/Makefile
config.status:1289: creating topology/Makefile
config.status:1289: creating topology/test/Makefile
config.status:1289: creating regress/Makefile
config.status:1289: creating doc/Makefile
config.status:1289: creating doc/Makefile.comments
config.status:1289: creating doc/html/image_src/Makefile
config.status:1289: creating utils/Makefile
config.status:1289: creating java/jdbc/Makefile
config.status:1289: creating raster/Makefile
config.status:1289: creating raster/rt_core/Makefile
config.status:1289: creating raster/rt_pg/Makefile
config.status:1289: creating raster/loader/Makefile
config.status:1289: creating raster/test/Makefile
config.status:1289: creating raster/test/cunit/Makefile
config.status:1289: creating raster/test/regress/Makefile
config.status:1289: creating raster/scripts/Makefile
config.status:1289: creating raster/scripts/python/Makefile
config.status:1289: creating postgis_config.h
config.status:1289: creating raster/raster_config.h
config.status:1483: executing libtool commands
config.status:1483: executing po-directories commands
configure:21977: result: 
configure:21979: result:   PostGIS is now configured for i686-pc-linux-gnu
configure:21981: result: 
configure:21983: result:  -------------- Compiler Info ------------- 
configure:21985: result:   C compiler:           gcc -g -O2
configure:21987: result:   C++ compiler:         g++ -g -O2
configure:21989: result:   SQL preprocessor:     /usr/bin/cpp -traditional-cpp -P
configure:21991: result: 
configure:21993: result:  -------------- Dependencies -------------- 
configure:21995: result:   GEOS config:          /usr/local/bin/geos-config
configure:21997: result:   GEOS version:         3.4.2
configure:22000: result:   GDAL config:          /usr/bin/gdal-config
configure:22002: result:   GDAL version:         1.9.0
configure:22006: result:   SFCGAL config:        /usr/local/bin/sfcgal-config
configure:22008: result:   SFCGAL version:       1.0.3
configure:22011: result:   PostgreSQL config:    /usr/bin/pg_config
configure:22013: result:   PostgreSQL version:   PostgreSQL 9.1.10
configure:22015: result:   PROJ4 version:        47
configure:22017: result:   Libxml2 config:       /usr/bin/xml2-config
configure:22019: result:   Libxml2 version:      2.9.1
configure:22021: result:   JSON-C support:       yes
configure:22023: result:   PostGIS debug level:  0
configure:22025: result:   Perl:                 /usr/bin/perl
configure:22027: result: 
configure:22029: result:  --------------- Extensions --------------- 
configure:22032: result:   PostGIS Raster:       enabled
configure:22040: result:   PostGIS Topology:     enabled
configure:22047: result:   SFCGAL support:       enabled
configure:22053: result: 
configure:22055: result:  -------- Documentation Generation -------- 
configure:22057: result:   xsltproc:             
configure:22059: result:   xsl style sheets:     
configure:22061: result:   dblatex:              
configure:22063: result:   convert:              
configure:22065: result:   mathml2.dtd:          http://www.w3.org/Math/DTD/mathml2/mathml2.dtd
configure:22067: result: 

## ---------------- ##
## Cache variables. ##
## ---------------- ##

_cv_misprot=yes
_cv_wall=yes
ac_cv_build=i686-pc-linux-gnu
ac_cv_c_compiler_gnu=yes
ac_cv_cxx_compiler_gnu=yes
ac_cv_env_CCC_set=
ac_cv_env_CCC_value=
ac_cv_env_CC_set=
ac_cv_env_CC_value=
ac_cv_env_CFLAGS_set=
ac_cv_env_CFLAGS_value=
ac_cv_env_CPPFLAGS_set=
ac_cv_env_CPPFLAGS_value=
ac_cv_env_CPP_set=
ac_cv_env_CPP_value=
ac_cv_env_CXXCPP_set=
ac_cv_env_CXXCPP_value=
ac_cv_env_CXXFLAGS_set=
ac_cv_env_CXXFLAGS_value=
ac_cv_env_CXX_set=
ac_cv_env_CXX_value=
ac_cv_env_LDFLAGS_set=
ac_cv_env_LDFLAGS_value=
ac_cv_env_LIBS_set=
ac_cv_env_LIBS_value=
ac_cv_env_PG_CONFIG_set=
ac_cv_env_PG_CONFIG_value=
ac_cv_env_YACC_set=
ac_cv_env_YACC_value=
ac_cv_env_YFLAGS_set=
ac_cv_env_YFLAGS_value=
ac_cv_env_build_alias_set=
ac_cv_env_build_alias_value=
ac_cv_env_host_alias_set=
ac_cv_env_host_alias_value=
ac_cv_env_target_alias_set=
ac_cv_env_target_alias_value=
ac_cv_func_asprintf=yes
ac_cv_func_iconvctl=no
ac_cv_func_libiconvctl=no
ac_cv_func_vasprintf=yes
ac_cv_header_CUnit_CUnit_h=yes
ac_cv_header_cpl_conv_h=yes
ac_cv_header_dlfcn_h=yes
ac_cv_header_gdal_h=yes
ac_cv_header_geos_c_h=yes
ac_cv_header_iconv_h=yes
ac_cv_header_ieeefp_h=no
ac_cv_header_inttypes_h=yes
ac_cv_header_json_json_h=yes
ac_cv_header_libpq_fe_h=yes
ac_cv_header_libxml_parser_h=yes
ac_cv_header_libxml_tree_h=yes
ac_cv_header_libxml_xpathInternals_h=yes
ac_cv_header_libxml_xpath_h=yes
ac_cv_header_memory_h=yes
ac_cv_header_ogr_api_h=yes
ac_cv_header_proj_api_h=yes
ac_cv_header_stdc=yes
ac_cv_header_stdint_h=yes
ac_cv_header_stdlib_h=yes
ac_cv_header_string_h=yes
ac_cv_header_strings_h=yes
ac_cv_header_sys_stat_h=yes
ac_cv_header_sys_types_h=yes
ac_cv_header_termios_h=yes
ac_cv_header_unistd_h=yes
ac_cv_host=i686-pc-linux-gnu
ac_cv_lib_c_iconv_open=yes
ac_cv_lib_cunit_CU_initialize_registry=yes
ac_cv_lib_geos_c_initGEOS=yes
ac_cv_lib_iconv_libiconv_open=no
ac_cv_lib_json_c_json_object_get=yes
ac_cv_lib_pq_PQserverVersion=yes
ac_cv_lib_proj_pj_get_release=yes
ac_cv_lib_xml2_xmlInitParser=yes
ac_cv_objext=o
ac_cv_path_CPPBIN=/usr/bin/cpp
ac_cv_path_EGREP='/bin/grep -E'
ac_cv_path_FGREP='/bin/grep -F'
ac_cv_path_GDAL_CONFIG=/usr/bin/gdal-config
ac_cv_path_GEOSCONFIG=/usr/local/bin/geos-config
ac_cv_path_GMSGFMT=/usr/bin/msgfmt
ac_cv_path_GREP=/bin/grep
ac_cv_path_MSGFMT=/usr/bin/msgfmt
ac_cv_path_MSGMERGE=/usr/bin/msgmerge
ac_cv_path_PERL=/usr/bin/perl
ac_cv_path_PG_CONFIG=/usr/bin/pg_config
ac_cv_path_SED=/bin/sed
ac_cv_path_SFCGAL_CONFIG=/usr/local/bin/sfcgal-config
ac_cv_path_XGETTEXT=/usr/bin/xgettext
ac_cv_path_XML2CONFIG=/usr/bin/xml2-config
ac_cv_path_XMLLINT=/usr/bin/xmllint
ac_cv_path_install='/usr/bin/install -c'
ac_cv_path_mkdir=/bin/mkdir
ac_cv_prog_CPP='gcc -E'
ac_cv_prog_CXXCPP='g++ -E'
ac_cv_prog_ac_ct_AR=ar
ac_cv_prog_ac_ct_CC=gcc
ac_cv_prog_ac_ct_CXX=g++
ac_cv_prog_ac_ct_OBJDUMP=objdump
ac_cv_prog_ac_ct_RANLIB=ranlib
ac_cv_prog_ac_ct_STRIP=strip
ac_cv_prog_cc_c89=
ac_cv_prog_cc_g=yes
ac_cv_prog_cxx_g=yes
ac_cv_prog_make_make_set=yes
ac_cv_search_GDALAllRegister='none required'
ac_cv_search_GDALFPolygonize='none required'
ac_cv_search_OGRRegisterAll='none required'
ac_cv_sys_largefile_source=no
acl_cv_hardcode_direct=no
acl_cv_hardcode_libdir_flag_spec='${wl}-rpath ${wl}$libdir'
acl_cv_hardcode_libdir_separator=
acl_cv_hardcode_minus_L=no
acl_cv_libext=a
acl_cv_libname_spec='lib$name'
acl_cv_library_names_spec='$libname$shrext'
acl_cv_path_LD=/usr/bin/ld
acl_cv_prog_gnu_ld=yes
acl_cv_rpath=done
acl_cv_shlibext=so
acl_cv_wl=-Wl,
dummy_cv_ffloat_store=yes
gt_cv_func_CFLocaleCopyCurrent=no
gt_cv_func_CFPreferencesCopyAppValue=no
gt_cv_func_gnugettext1_libc=yes
lt_cv_deplibs_check_method=pass_all
lt_cv_file_magic_cmd='$MAGIC_CMD'
lt_cv_file_magic_test_file=
lt_cv_ld_reload_flag=-r
lt_cv_nm_interface='BSD nm'
lt_cv_objdir=.libs
lt_cv_path_LD=/usr/bin/ld
lt_cv_path_LDCXX=/usr/bin/ld
lt_cv_path_NM='/usr/bin/nm -B'
lt_cv_prog_compiler_c_o=yes
lt_cv_prog_compiler_c_o_CXX=yes
lt_cv_prog_compiler_pic_works=yes
lt_cv_prog_compiler_pic_works_CXX=yes
lt_cv_prog_compiler_rtti_exceptions=no
lt_cv_prog_compiler_static_works=yes
lt_cv_prog_compiler_static_works_CXX=yes
lt_cv_prog_gnu_ld=yes
lt_cv_prog_gnu_ldcxx=yes
lt_cv_sys_global_symbol_pipe='sed -n -e '\''s/^.*[	 ]\([ABCDGIRSTW][ABCDGIRSTW]*\)[	 ][	 ]*\([_A-Za-z][_A-Za-z0-9]*\)$/\1 \2 \2/p'\'''
lt_cv_sys_global_symbol_to_c_name_address='sed -n -e '\''s/^: \([^ ]*\) $/  {\"\1\", (void *) 0},/p'\'' -e '\''s/^[ABCDGIRSTW]* \([^ ]*\) \([^ ]*\)$/  {"\2", (void *) \&\2},/p'\'''
lt_cv_sys_global_symbol_to_c_name_address_lib_prefix='sed -n -e '\''s/^: \([^ ]*\) $/  {\"\1\", (void *) 0},/p'\'' -e '\''s/^[ABCDGIRSTW]* \([^ ]*\) \(lib[^ ]*\)$/  {"\2", (void *) \&\2},/p'\'' -e '\''s/^[ABCDGIRSTW]* \([^ ]*\) \([^ ]*\)$/  {"lib\2", (void *) \&\2},/p'\'''
lt_cv_sys_global_symbol_to_cdecl='sed -n -e '\''s/^T .* \(.*\)$/extern int \1();/p'\'' -e '\''s/^[ABCDGIRSTW]* .* \(.*\)$/extern char \1;/p'\'''
lt_cv_sys_max_cmd_len=1572864

## ----------------- ##
## Output variables. ##
## ----------------- ##

ANT=''
AR='ar'
CC='gcc'
CFLAGS='-g -O2'
CPP='gcc -E'
CPPBIN='/usr/bin/cpp'
CPPFLAGS=' -I/usr/local/include  -I/usr/include/libxml2 -I/usr/local/include -DHAVE_SFCGAL '
CUNIT_CPPFLAGS=''
CUNIT_LDFLAGS=' -lcunit'
CXX='g++'
CXXCPP='g++ -E'
CXXFLAGS='-g -O2'
DBLATEX=''
DEFS='-DHAVE_CONFIG_H'
DSYMUTIL=''
DUMPBIN=''
ECHO_C=''
ECHO_N='-n'
ECHO_T=''
EGREP='/bin/grep -E'
EXEEXT=''
EXESUFFIX=''
EXTENSIONS='extensions'
FGREP='/bin/grep -F'
GDALFPOLYGONIZE=''
GDAL_CONFIG='/usr/bin/gdal-config'
GEOSCONFIG='/usr/local/bin/geos-config'
GEOS_CPPFLAGS='-I/usr/local/include'
GEOS_LDFLAGS='-L/usr/local/lib'
GEOS_NUMERIC_VERSION='30402'
GETTEXT_CFLAGS=''
GETTEXT_LDFLAGS=''
GETTEXT_MACRO_VERSION='0.17'
GMSGFMT='/usr/bin/msgfmt'
GMSGFMT_015='/usr/bin/msgfmt'
GPP=''
GREP='/bin/grep'
GTK_BUILD=''
GTK_CFLAGS=''
GTK_LIBS=''
GTK_WIN32_FLAGS=''
GTK_WIN32_RES=''
HAVE_JSON='yes'
HAVE_SFCGAL='yes'
ICONV_CFLAGS=''
ICONV_LDFLAGS=' -lc'
IGE_MAC_CFLAGS=''
IGE_MAC_LIBS=''
IMAGEMAGICK=''
INSTALL_DATA='${INSTALL} -m 644'
INSTALL_PROGRAM='${INSTALL}'
INSTALL_SCRIPT='${INSTALL}'
INTLLIBS=''
INTL_MACOSX_LIBS=''
JSON_CPPFLAGS=''
JSON_LDFLAGS=' -ljson-c'
LD='/usr/bin/ld'
LDFLAGS=''
LEX=':'
LEXLIB=''
LEX_OUTPUT_ROOT=''
LIBGDAL_CFLAGS='-I/usr/include/gdal'
LIBGDAL_DEPLIBS_LDFLAGS=''
LIBGDAL_LDFLAGS='-L/usr/lib -lgdal'
LIBICONV='-liconv'
LIBINTL=''
LIBOBJS=''
LIBS=''
LIBTOOL='$(SHELL) $(top_builddir)/libtool'
LIPO=''
LN_S='ln -s'
LTLIBICONV='-liconv'
LTLIBINTL=''
LTLIBOBJS=''
MATHML2_DTD='http://www.w3.org/Math/DTD/mathml2/mathml2.dtd'
MINGWBUILD='0'
MKDIR_P='/bin/mkdir -p'
MSGFMT='/usr/bin/msgfmt'
MSGFMT_015='/usr/bin/msgfmt'
MSGMERGE='/usr/bin/msgmerge'
NM='/usr/bin/nm -B'
NMEDIT=''
NUMERICFLAGS=' -ffloat-store'
OBJDUMP='objdump'
OBJEXT='o'
OTOOL64=''
OTOOL=''
PACKAGE_BUGREPORT=''
PACKAGE_NAME=''
PACKAGE_STRING=''
PACKAGE_TARNAME=''
PACKAGE_URL=''
PACKAGE_VERSION=''
PATH_SEPARATOR=':'
PERL='/usr/bin/perl'
PGSQL_BE_CPPFLAGS='-I/usr/include/postgresql/9.1/server'
PGSQL_BINDIR='/usr/lib/postgresql/9.1/bin'
PGSQL_DOCDIR='/usr/share/doc/postgresql-doc-9.1'
PGSQL_FE_CPPFLAGS='-I/usr/include/postgresql'
PGSQL_FE_LDFLAGS='-L/usr/lib -lpq'
PGSQL_MANDIR='/usr/share/postgresql/9.1/man'
PGSQL_SHAREDIR='/usr/share/postgresql/9.1'
PGXS='/usr/lib/postgresql/9.1/lib/pgxs/src/makefiles/pgxs.mk'
PGXSOVERRIDE='0'
PG_CONFIG='/usr/bin/pg_config'
PICFLAGS=' -fPIC -DPIC'
PKG_CONFIG=''
POSTGIS_BUILD_DATE='2013-11-05 20:24:46'
POSTGIS_GDAL_VERSION='19'
POSTGIS_GEOS_VERSION='34'
POSTGIS_LIBXML2_VERSION='2.9.1'
POSTGIS_LIB_VERSION='2.1.0'
POSTGIS_MAJOR_VERSION='2'
POSTGIS_MICRO_VERSION='0'
POSTGIS_MINOR_VERSION='1'
POSTGIS_PGSQL_VERSION='91'
POSTGIS_PROJ_VERSION='47'
POSTGIS_RASTER_BUILD_DATE='2013-11-05 20:24:46'
POSTGIS_RASTER_LIB_VERSION='0.1.6d'
POSTGIS_RASTER_MAJOR_VERSION='0'
POSTGIS_RASTER_MICRO_VERSION='6d'
POSTGIS_RASTER_MINOR_VERSION='1'
POSTGIS_RASTER_SCRIPTS_VERSION='0.1.6d'
POSTGIS_RASTER_VERSION='0.1'
POSTGIS_SCRIPTS_VERSION='2.1.0'
POSTGIS_VERSION='2.1 USE_GEOS=1 USE_PROJ=1 USE_STATS=1'
POSUB='po'
PROJ_CPPFLAGS=''
PROJ_LDFLAGS=''
RANLIB='ranlib'
RASTER='raster'
RT_CORE_LIB='corelib'
RT_LOADER='rtloader'
RT_PG_LIB='pglib'
RT_POSTGIS_SQL='rtpostgis.sql'
SED='/bin/sed'
SET_MAKE=''
SFCGAL='sfcgal'
SFCGAL_CONFIG='/usr/local/bin/sfcgal-config'
SFCGAL_CPPFLAGS='-I/usr/local/include -DHAVE_SFCGAL'
SFCGAL_LDFLAGS='-L/usr/local/lib -lSFCGAL'
SFCGAL_OBJS=''
SFCGAL_VERSION='1.0.3'
SHELL='/bin/bash'
SHLIB_LINK=' -L/usr/local/lib  -lgeos_c -lproj  -ljson-c -lxml2 -L/usr/local/lib -lSFCGAL'
SQLPP='/usr/bin/cpp -traditional-cpp -P'
SRID_MAX='999999'
SRID_USR_MAX='998999'
STRIP='strip'
TOPOLOGY='topology'
USE_NLS='no'
WARNFLAGS=' -Wall -Wmissing-prototypes'
XGETTEXT='/usr/bin/xgettext'
XGETTEXT_015='/usr/bin/xgettext'
XGETTEXT_EXTRA_OPTIONS=''
XML2CONFIG='/usr/bin/xml2-config'
XMLLINT='/usr/bin/xmllint'
XSLBASE=''
XSLTPROC=''
YACC='yacc'
YFLAGS=''
ac_ct_CC='gcc'
ac_ct_CXX='g++'
ac_ct_DUMPBIN=''
bindir='${exec_prefix}/bin'
build='i686-pc-linux-gnu'
build_alias=''
build_cpu='i686'
build_os='linux-gnu'
build_vendor='pc'
datadir='${datarootdir}'
datarootdir='${prefix}/share'
docdir='${datarootdir}/doc/${PACKAGE}'
dvidir='${docdir}'
exec_prefix='${prefix}'
host='i686-pc-linux-gnu'
host_alias=''
host_cpu='i686'
host_os='linux-gnu'
host_vendor='pc'
htmldir='${docdir}'
includedir='${prefix}/include'
infodir='${datarootdir}/info'
libdir='${exec_prefix}/lib'
libexecdir='${exec_prefix}/libexec'
localedir='${datarootdir}/locale'
localstatedir='${prefix}/var'
lt_ECHO='echo'
mandir='${datarootdir}/man'
mkdir_p='/bin/mkdir -p'
oldincludedir='/usr/include'
pdfdir='${docdir}'
prefix='/usr/local'
program_transform_name='s,x,x,'
psdir='${docdir}'
sbindir='${exec_prefix}/sbin'
sharedstatedir='${prefix}/com'
sysconfdir='${prefix}/etc'
target_alias=''

## ----------- ##
## confdefs.h. ##
## ----------- ##

/* confdefs.h */
#define PACKAGE_NAME ""
#define PACKAGE_TARNAME ""
#define PACKAGE_VERSION ""
#define PACKAGE_STRING ""
#define PACKAGE_BUGREPORT ""
#define PACKAGE_URL ""
#define STDC_HEADERS 1
#define HAVE_SYS_TYPES_H 1
#define HAVE_SYS_STAT_H 1
#define HAVE_STDLIB_H 1
#define HAVE_STRING_H 1
#define HAVE_MEMORY_H 1
#define HAVE_STRINGS_H 1
#define HAVE_INTTYPES_H 1
#define HAVE_STDINT_H 1
#define HAVE_UNISTD_H 1
#define HAVE_DLFCN_H 1
#define LT_OBJDIR ".libs/"
#define POSTGIS_MAJOR_VERSION "2"
#define POSTGIS_MINOR_VERSION "1"
#define POSTGIS_MICRO_VERSION "0"
#define HAVE_IEEEFP_H 0
#define HAVE_TERMIOS_H 1
#define HAVE_VASPRINTF 1
#define HAVE_ASPRINTF 1
#define HAVE_FSEEKO 1
#define HAVE_ICONV 1
#define PGSQL_LOCALEDIR "/usr/share/locale"
#define HAVE_LIBPQ 1
#define POSTGIS_PGSQL_VERSION 91
#define HAVE_LIBXML_TREE_H 1
#define HAVE_LIBXML_PARSER_H 1
#define HAVE_LIBXML_XPATH_H 1
#define HAVE_LIBXML_XPATHINTERNALS_H 1
#define HAVE_LIBXML2 1
#define POSTGIS_LIBXML2_VERSION "2.9.1"
#define HAVE_LIBGEOS_C 1
#define POSTGIS_GEOS_VERSION 34
#define ENABLE_NLS 1
#define HAVE_GETTEXT 1
#define HAVE_DCGETTEXT 1
#define POSTGIS_PROJ_VERSION 47
#define HAVE_LIBPROJ 1
#define HAVE_LIBJSON 1
#define POSTGIS_DEBUG_LEVEL 0
#define POSTGIS_PROFILE 0
#define POSTGIS_VERSION "2.1 USE_GEOS=1 USE_PROJ=1 USE_STATS=1"
#define POSTGIS_LIB_VERSION "2.1.0"
#define POSTGIS_BUILD_DATE "2013-11-05 20:24:46"
#define POSTGIS_SCRIPTS_VERSION "2.1.0"
#define POSTGIS_AUTOCACHE_BBOX 1
#define POSTGIS_USE_STATS 1
#define POSTGIS_RASTER_MAJOR_VERSION "0"
#define POSTGIS_RASTER_MINOR_VERSION "1"
#define POSTGIS_RASTER_MICRO_VERSION "6d"
#define POSTGIS_RASTER_VERSION "0.1"
#define POSTGIS_RASTER_LIB_VERSION "0.1.6d"
#define POSTGIS_RASTER_BUILD_DATE "2013-11-05 20:24:46"
#define POSTGIS_RASTER_SCRIPTS_VERSION "0.1.6d"
#define POSTGIS_RASTER_WARN_ON_TRUNCATION 0
#define POSTGIS_GDAL_VERSION 19
#define HAVE_GDAL_H 1
#define HAVE_OGR_API_H 1
#define HAVE_CPL_CONV_H 1
#define GDALFPOLYGONIZE 1

configure: exit 0
